TN:
SF:/Users/elenavilchik/DevopsJS/todo-react/src/App.js
FN:9,usePrevious
FN:11,(anonymous_1)
FN:19,(anonymous_2)
FN:20,(anonymous_3)
FN:21,(anonymous_4)
FN:26,App
FN:30,toggleTaskCompleted
FN:34,(anonymous_7)
FN:47,deleteTask
FN:48,(anonymous_9)
FN:53,editTask
FN:54,(anonymous_11)
FN:70,(anonymous_12)
FN:82,(anonymous_13)
FN:91,addTask
FN:104,(anonymous_15)
FN:115,(anonymous_16)
FNF:17
FNH:6
FNDA:1,usePrevious
FNDA:1,(anonymous_1)
FNDA:0,(anonymous_2)
FNDA:0,(anonymous_3)
FNDA:0,(anonymous_4)
FNDA:1,App
FNDA:0,toggleTaskCompleted
FNDA:0,(anonymous_7)
FNDA:0,deleteTask
FNDA:0,(anonymous_9)
FNDA:0,editTask
FNDA:0,(anonymous_11)
FNDA:0,(anonymous_12)
FNDA:3,(anonymous_13)
FNDA:0,addTask
FNDA:1,(anonymous_15)
FNDA:1,(anonymous_16)
DA:10,1
DA:11,1
DA:12,1
DA:15,1
DA:18,1
DA:19,0
DA:20,0
DA:21,0
DA:24,1
DA:27,1
DA:28,1
DA:31,0
DA:32,0
DA:34,0
DA:36,0
DA:39,0
DA:41,0
DA:43,0
DA:48,0
DA:49,0
DA:54,0
DA:56,0
DA:57,0
DA:58,0
DA:59,0
DA:62,0
DA:64,0
DA:68,1
DA:71,0
DA:82,1
DA:83,3
DA:92,0
DA:93,0
DA:97,1
DA:98,1
DA:100,1
DA:101,1
DA:102,1
DA:104,1
DA:105,1
DA:107,1
DA:108,0
DA:109,0
DA:111,0
DA:115,1
DA:116,1
DA:117,0
DA:119,1
DA:122,1
LF:49
LH:23
BRDA:31,0,0,0
BRDA:31,0,1,0
BRDA:36,1,0,0
BRDA:36,1,1,0
BRDA:56,2,0,0
BRDA:56,2,1,0
BRDA:57,3,0,0
BRDA:57,3,1,0
BRDA:97,4,0,1
BRDA:97,4,1,0
BRDA:105,5,0,1
BRDA:105,5,1,0
BRDA:107,6,0,0
BRDA:107,6,1,1
BRDA:116,7,0,0
BRDA:116,7,1,1
BRF:16
BRH:4
end_of_record
TN:
SF:/Users/elenavilchik/DevopsJS/todo-react/src/index.js
FNF:0
FNH:0
DA:7,0
DA:13,0
LF:2
LH:0
BRF:0
BRH:0
end_of_record
TN:
SF:/Users/elenavilchik/DevopsJS/todo-react/src/newFile.js
FNF:0
FNH:0
LF:0
LH:0
BRF:0
BRH:0
end_of_record
TN:
SF:/Users/elenavilchik/DevopsJS/todo-react/src/components/FilterButton.js
FN:3,FilterButton
FN:9,(anonymous_1)
FNF:2
FNH:1
FNDA:3,FilterButton
FNDA:0,(anonymous_1)
DA:4,3
DA:9,0
LF:2
LH:1
BRF:0
BRH:0
end_of_record
TN:
SF:/Users/elenavilchik/DevopsJS/todo-react/src/components/Form.js
FN:3,Form
FN:7,handleSubmit
FN:17,handleChange
FNF:3
FNH:1
FNDA:1,Form
FNDA:0,handleSubmit
FNDA:0,handleChange
DA:4,1
DA:8,0
DA:9,0
DA:10,0
DA:12,0
DA:13,0
DA:18,0
DA:21,1
LF:8
LH:2
BRDA:9,0,0,0
BRDA:9,0,1,0
BRF:2
BRH:0
end_of_record
TN:
SF:/Users/elenavilchik/DevopsJS/todo-react/src/components/Todo.js
FN:4,usePrevious
FN:6,(anonymous_1)
FN:12,Todo
FN:21,handleChange
FN:25,handleSubmit
FN:55,(anonymous_5)
FN:75,(anonymous_6)
FN:85,(anonymous_7)
FN:93,(anonymous_8)
FN:102,(anonymous_9)
FNF:10
FNH:0
FNDA:0,usePrevious
FNDA:0,(anonymous_1)
FNDA:0,Todo
FNDA:0,handleChange
FNDA:0,handleSubmit
FNDA:0,(anonymous_5)
FNDA:0,(anonymous_6)
FNDA:0,(anonymous_7)
FNDA:0,(anonymous_8)
FNDA:0,(anonymous_9)
DA:5,0
DA:6,0
DA:7,0
DA:9,0
DA:13,0
DA:14,0
DA:16,0
DA:17,0
DA:19,0
DA:22,0
DA:26,0
DA:27,0
DA:28,0
DA:30,0
DA:31,0
DA:32,0
DA:36,0
DA:55,0
DA:69,0
DA:75,0
DA:85,0
DA:93,0
DA:102,0
DA:103,0
DA:104,0
DA:106,0
DA:107,0
DA:112,0
LF:28
LH:0
BRDA:27,0,0,0
BRDA:27,0,1,0
BRDA:45,1,0,0
BRDA:45,1,1,0
BRDA:103,2,0,0
BRDA:103,2,1,0
BRDA:103,3,0,0
BRDA:103,3,1,0
BRDA:106,4,0,0
BRDA:106,4,1,0
BRDA:106,5,0,0
BRDA:106,5,1,0
BRDA:112,6,0,0
BRDA:112,6,1,0
BRF:14
BRH:0
end_of_record
